  pch.cpp
  CardReader.cpp
  Chime.cpp
  Clamp.cpp
  Cylinder.cpp
  Cymbal.cpp
  ActualMachine.cpp
  MachineFactoryOne.cpp
  MachineFactoryTwo.cpp
  Shape.cpp
  Tubing.cpp
  WavChannel.cpp
  WAVFileReader.cpp
  WavPlayer.cpp
  Polygon.cpp
  Machine.cpp
  MachineFactory.cpp
  MachineLib.cpp
  MachineDlg.cpp
  MachineStandin.cpp
  MachineActor.cpp
  Generating Code...
     Creating library C:\Users\tyler\Downloads\CSE 335\Projects\Project 2\CanadianExperience\Debug\MachineLib.lib and object C:\Users\tyler\Downloads\CSE 335\Projects\Project 2\CanadianExperience\Debug\MachineLib.exp
  MachineLib.vcxproj -> C:\Users\tyler\Downloads\CSE 335\Projects\Project 2\CanadianExperience\Debug\MachineLib.dll
  MachineLib.vcxproj -> C:\Users\tyler\Downloads\CSE 335\Projects\Project 2\CanadianExperience\Debug\MachineLib.pdb (Partial -> Full PDB)
C:\Users\tyler\Downloads\CSE 335\Projects\Project 2\CanadianExperience\Debug\MachineLib.pdb : fatal error CMF1107: input PDB file is not generated by /DEBUG:fastlink
