c:\users\tyler\downloads\cse 335\projects\project 2\canadianexperience\machinelib\debug\machinelib.pch
c:\users\tyler\downloads\cse 335\projects\project 2\canadianexperience\machinelib\debug\vc142.pdb
c:\users\tyler\downloads\cse 335\projects\project 2\canadianexperience\machinelib\debug\vc142.idb
c:\users\tyler\downloads\cse 335\projects\project 2\canadianexperience\machinelib\debug\pch.obj
c:\users\tyler\downloads\cse 335\projects\project 2\canadianexperience\machinelib\debug\machineactor.obj
c:\users\tyler\downloads\cse 335\projects\project 2\canadianexperience\machinelib\debug\machinestandin.obj
c:\users\tyler\downloads\cse 335\projects\project 2\canadianexperience\machinelib\debug\machinedlg.obj
c:\users\tyler\downloads\cse 335\projects\project 2\canadianexperience\machinelib\debug\machinelib.obj
c:\users\tyler\downloads\cse 335\projects\project 2\canadianexperience\machinelib\debug\machinefactory.obj
c:\users\tyler\downloads\cse 335\projects\project 2\canadianexperience\machinelib\debug\machine.obj
c:\users\tyler\downloads\cse 335\projects\project 2\canadianexperience\machinelib\debug\polygon.obj
c:\users\tyler\downloads\cse 335\projects\project 2\canadianexperience\machinelib\debug\wavplayer.obj
c:\users\tyler\downloads\cse 335\projects\project 2\canadianexperience\machinelib\debug\wavfilereader.obj
c:\users\tyler\downloads\cse 335\projects\project 2\canadianexperience\machinelib\debug\wavchannel.obj
c:\users\tyler\downloads\cse 335\projects\project 2\canadianexperience\machinelib\debug\tubing.obj
c:\users\tyler\downloads\cse 335\projects\project 2\canadianexperience\machinelib\debug\shape.obj
c:\users\tyler\downloads\cse 335\projects\project 2\canadianexperience\machinelib\debug\machinefactorytwo.obj
c:\users\tyler\downloads\cse 335\projects\project 2\canadianexperience\machinelib\debug\machinefactoryone.obj
c:\users\tyler\downloads\cse 335\projects\project 2\canadianexperience\machinelib\debug\actualmachine.obj
c:\users\tyler\downloads\cse 335\projects\project 2\canadianexperience\machinelib\debug\cymbal.obj
c:\users\tyler\downloads\cse 335\projects\project 2\canadianexperience\machinelib\debug\cylinder.obj
c:\users\tyler\downloads\cse 335\projects\project 2\canadianexperience\machinelib\debug\clamp.obj
c:\users\tyler\downloads\cse 335\projects\project 2\canadianexperience\machinelib\debug\chime.obj
c:\users\tyler\downloads\cse 335\projects\project 2\canadianexperience\machinelib\debug\cardreader.obj
c:\users\tyler\downloads\cse 335\projects\project 2\canadianexperience\machinelib\debug\machinelib.ilk
c:\users\tyler\downloads\cse 335\projects\project 2\canadianexperience\debug\machinelib.dll
c:\users\tyler\downloads\cse 335\projects\project 2\canadianexperience\debug\machinelib.pdb
c:\users\tyler\downloads\cse 335\projects\project 2\canadianexperience\debug\machinelib.lib
c:\users\tyler\downloads\cse 335\projects\project 2\canadianexperience\debug\machinelib.exp
c:\users\tyler\downloads\cse 335\projects\project 2\canadianexperience\machinelib\debug\machinelib.res
c:\users\tyler\downloads\cse 335\projects\project 2\canadianexperience\machinelib\debug\machinelib.tlog\cl.command.1.tlog
c:\users\tyler\downloads\cse 335\projects\project 2\canadianexperience\machinelib\debug\machinelib.tlog\cl.read.1.tlog
c:\users\tyler\downloads\cse 335\projects\project 2\canadianexperience\machinelib\debug\machinelib.tlog\cl.write.1.tlog
c:\users\tyler\downloads\cse 335\projects\project 2\canadianexperience\machinelib\debug\machinelib.tlog\link.command.1.tlog
c:\users\tyler\downloads\cse 335\projects\project 2\canadianexperience\machinelib\debug\machinelib.tlog\link.read.1.tlog
c:\users\tyler\downloads\cse 335\projects\project 2\canadianexperience\machinelib\debug\machinelib.tlog\link.write.1.tlog
c:\users\tyler\downloads\cse 335\projects\project 2\canadianexperience\machinelib\debug\machinelib.tlog\machinelib.write.1u.tlog
c:\users\tyler\downloads\cse 335\projects\project 2\canadianexperience\machinelib\debug\machinelib.tlog\rc.command.1.tlog
c:\users\tyler\downloads\cse 335\projects\project 2\canadianexperience\machinelib\debug\machinelib.tlog\rc.read.1.tlog
c:\users\tyler\downloads\cse 335\projects\project 2\canadianexperience\machinelib\debug\machinelib.tlog\rc.write.1.tlog
