  pch.cpp
  Actor.cpp
  ActorFactory.cpp
  AnimChannel.cpp
  AnimChannelAngle.cpp
  AnimChannelPoint.cpp
  CanadianExperience.cpp
  Drawable.cpp
  HaroldFactory.cpp
  HeadTop.cpp
  ImageDrawable.cpp
  MachineDrawable.cpp
  MainFrm.cpp
  Picture.cpp
  PictureFactory.cpp
  PictureObserver.cpp
  PolyDrawable.cpp
  RotatedBitmap.cpp
  SpartyFactory.cpp
  Timeline.cpp
  TimelineDlg.cpp
  Generating Code...
  Compiling...
  ViewEdit.cpp
  ViewTimeline.cpp
  XmlNode.cpp
  Generating Code...
  CanadianExperience.vcxproj -> C:\Users\tyler\Downloads\CSE 335\Projects\Project 2\CanadianExperience\Debug\CanadianExperience.exe
  CanadianExperience.vcxproj -> C:\Users\tyler\Downloads\CSE 335\Projects\Project 2\CanadianExperience\Debug\CanadianExperience.pdb (Partial -> Full PDB)
C:\Users\tyler\Downloads\CSE 335\Projects\Project 2\CanadianExperience\Debug\CanadianExperience.pdb : fatal error CMF1107: input PDB file is not generated by /DEBUG:fastlink
