c:\users\tyler\downloads\cse 335\projects\project 2\canadianexperience\debug\canadianexperience.bsc
c:\users\tyler\downloads\cse 335\projects\project 2\canadianexperience\canadianexperience\debug\canadianexperience.pch
c:\users\tyler\downloads\cse 335\projects\project 2\canadianexperience\canadianexperience\debug\vc142.pdb
c:\users\tyler\downloads\cse 335\projects\project 2\canadianexperience\canadianexperience\debug\vc142.idb
c:\users\tyler\downloads\cse 335\projects\project 2\canadianexperience\canadianexperience\debug\pch.sbr
c:\users\tyler\downloads\cse 335\projects\project 2\canadianexperience\canadianexperience\debug\pch.obj
c:\users\tyler\downloads\cse 335\projects\project 2\canadianexperience\canadianexperience\debug\actor.sbr
c:\users\tyler\downloads\cse 335\projects\project 2\canadianexperience\canadianexperience\debug\actorfactory.sbr
c:\users\tyler\downloads\cse 335\projects\project 2\canadianexperience\canadianexperience\debug\animchannel.sbr
c:\users\tyler\downloads\cse 335\projects\project 2\canadianexperience\canadianexperience\debug\animchannelangle.sbr
c:\users\tyler\downloads\cse 335\projects\project 2\canadianexperience\canadianexperience\debug\animchannelpoint.sbr
c:\users\tyler\downloads\cse 335\projects\project 2\canadianexperience\canadianexperience\debug\canadianexperience.sbr
c:\users\tyler\downloads\cse 335\projects\project 2\canadianexperience\canadianexperience\debug\drawable.sbr
c:\users\tyler\downloads\cse 335\projects\project 2\canadianexperience\canadianexperience\debug\haroldfactory.sbr
c:\users\tyler\downloads\cse 335\projects\project 2\canadianexperience\canadianexperience\debug\headtop.sbr
c:\users\tyler\downloads\cse 335\projects\project 2\canadianexperience\canadianexperience\debug\imagedrawable.sbr
c:\users\tyler\downloads\cse 335\projects\project 2\canadianexperience\canadianexperience\debug\machinedrawable.sbr
c:\users\tyler\downloads\cse 335\projects\project 2\canadianexperience\canadianexperience\debug\mainfrm.sbr
c:\users\tyler\downloads\cse 335\projects\project 2\canadianexperience\canadianexperience\debug\picture.sbr
c:\users\tyler\downloads\cse 335\projects\project 2\canadianexperience\canadianexperience\debug\picturefactory.sbr
c:\users\tyler\downloads\cse 335\projects\project 2\canadianexperience\canadianexperience\debug\pictureobserver.sbr
c:\users\tyler\downloads\cse 335\projects\project 2\canadianexperience\canadianexperience\debug\polydrawable.sbr
c:\users\tyler\downloads\cse 335\projects\project 2\canadianexperience\canadianexperience\debug\rotatedbitmap.sbr
c:\users\tyler\downloads\cse 335\projects\project 2\canadianexperience\canadianexperience\debug\spartyfactory.sbr
c:\users\tyler\downloads\cse 335\projects\project 2\canadianexperience\canadianexperience\debug\timeline.sbr
c:\users\tyler\downloads\cse 335\projects\project 2\canadianexperience\canadianexperience\debug\timelinedlg.sbr
c:\users\tyler\downloads\cse 335\projects\project 2\canadianexperience\canadianexperience\debug\timelinedlg.obj
c:\users\tyler\downloads\cse 335\projects\project 2\canadianexperience\canadianexperience\debug\timeline.obj
c:\users\tyler\downloads\cse 335\projects\project 2\canadianexperience\canadianexperience\debug\spartyfactory.obj
c:\users\tyler\downloads\cse 335\projects\project 2\canadianexperience\canadianexperience\debug\rotatedbitmap.obj
c:\users\tyler\downloads\cse 335\projects\project 2\canadianexperience\canadianexperience\debug\polydrawable.obj
c:\users\tyler\downloads\cse 335\projects\project 2\canadianexperience\canadianexperience\debug\pictureobserver.obj
c:\users\tyler\downloads\cse 335\projects\project 2\canadianexperience\canadianexperience\debug\picturefactory.obj
c:\users\tyler\downloads\cse 335\projects\project 2\canadianexperience\canadianexperience\debug\picture.obj
c:\users\tyler\downloads\cse 335\projects\project 2\canadianexperience\canadianexperience\debug\mainfrm.obj
c:\users\tyler\downloads\cse 335\projects\project 2\canadianexperience\canadianexperience\debug\machinedrawable.obj
c:\users\tyler\downloads\cse 335\projects\project 2\canadianexperience\canadianexperience\debug\imagedrawable.obj
c:\users\tyler\downloads\cse 335\projects\project 2\canadianexperience\canadianexperience\debug\headtop.obj
c:\users\tyler\downloads\cse 335\projects\project 2\canadianexperience\canadianexperience\debug\haroldfactory.obj
c:\users\tyler\downloads\cse 335\projects\project 2\canadianexperience\canadianexperience\debug\drawable.obj
c:\users\tyler\downloads\cse 335\projects\project 2\canadianexperience\canadianexperience\debug\canadianexperience.obj
c:\users\tyler\downloads\cse 335\projects\project 2\canadianexperience\canadianexperience\debug\animchannelpoint.obj
c:\users\tyler\downloads\cse 335\projects\project 2\canadianexperience\canadianexperience\debug\animchannelangle.obj
c:\users\tyler\downloads\cse 335\projects\project 2\canadianexperience\canadianexperience\debug\animchannel.obj
c:\users\tyler\downloads\cse 335\projects\project 2\canadianexperience\canadianexperience\debug\actorfactory.obj
c:\users\tyler\downloads\cse 335\projects\project 2\canadianexperience\canadianexperience\debug\actor.obj
c:\users\tyler\downloads\cse 335\projects\project 2\canadianexperience\canadianexperience\debug\viewedit.sbr
c:\users\tyler\downloads\cse 335\projects\project 2\canadianexperience\canadianexperience\debug\viewtimeline.sbr
c:\users\tyler\downloads\cse 335\projects\project 2\canadianexperience\canadianexperience\debug\xmlnode.sbr
c:\users\tyler\downloads\cse 335\projects\project 2\canadianexperience\canadianexperience\debug\xmlnode.obj
c:\users\tyler\downloads\cse 335\projects\project 2\canadianexperience\canadianexperience\debug\viewtimeline.obj
c:\users\tyler\downloads\cse 335\projects\project 2\canadianexperience\canadianexperience\debug\viewedit.obj
c:\users\tyler\downloads\cse 335\projects\project 2\canadianexperience\canadianexperience\debug\canadianexperience.ilk
c:\users\tyler\downloads\cse 335\projects\project 2\canadianexperience\debug\canadianexperience.exe
c:\users\tyler\downloads\cse 335\projects\project 2\canadianexperience\debug\canadianexperience.pdb
c:\users\tyler\downloads\cse 335\projects\project 2\canadianexperience\canadianexperience\debug\canadianexperience.res
c:\users\tyler\downloads\cse 335\projects\project 2\canadianexperience\canadianexperience\debug\canadian.cf406c07.tlog\bscmake.command.1.tlog
c:\users\tyler\downloads\cse 335\projects\project 2\canadianexperience\canadianexperience\debug\canadian.cf406c07.tlog\bscmake.read.1.tlog
c:\users\tyler\downloads\cse 335\projects\project 2\canadianexperience\canadianexperience\debug\canadian.cf406c07.tlog\bscmake.write.1.tlog
c:\users\tyler\downloads\cse 335\projects\project 2\canadianexperience\canadianexperience\debug\canadian.cf406c07.tlog\cl.command.1.tlog
c:\users\tyler\downloads\cse 335\projects\project 2\canadianexperience\canadianexperience\debug\canadian.cf406c07.tlog\cl.read.1.tlog
c:\users\tyler\downloads\cse 335\projects\project 2\canadianexperience\canadianexperience\debug\canadian.cf406c07.tlog\cl.write.1.tlog
c:\users\tyler\downloads\cse 335\projects\project 2\canadianexperience\canadianexperience\debug\canadian.cf406c07.tlog\link.command.1.tlog
c:\users\tyler\downloads\cse 335\projects\project 2\canadianexperience\canadianexperience\debug\canadian.cf406c07.tlog\link.read.1.tlog
c:\users\tyler\downloads\cse 335\projects\project 2\canadianexperience\canadianexperience\debug\canadian.cf406c07.tlog\link.write.1.tlog
c:\users\tyler\downloads\cse 335\projects\project 2\canadianexperience\canadianexperience\debug\canadian.cf406c07.tlog\rc.command.1.tlog
c:\users\tyler\downloads\cse 335\projects\project 2\canadianexperience\canadianexperience\debug\canadian.cf406c07.tlog\rc.read.1.tlog
c:\users\tyler\downloads\cse 335\projects\project 2\canadianexperience\canadianexperience\debug\canadian.cf406c07.tlog\rc.write.1.tlog
